This is pdfTeX, Version 3.141592653-2.6-1.40.27 (TeX Live 2025) (preloaded format=pdflatex 2025.3.8)  11 OCT 2025 18:02
entering extended mode
 restricted \write18 enabled.
 file:line:error style messages enabled.
 %&-line parsing enabled.
**/Users/apple/Coded/Rice/Intro_to_DL/Assignments/Assignment_1/elec576_a1_solution/report/report.tex
(/Users/apple/Coded/Rice/Intro_to_DL/Assignments/Assignment_1/elec576_a1_solution/report/report.tex
LaTeX2e <2024-11-01> patch level 2
L3 programming layer <2025-01-18>
(/usr/local/texlive/2025/texmf-dist/tex/latex/base/article.cls
Document Class: article 2024/06/29 v1.4n Standard LaTeX document class
(/usr/local/texlive/2025/texmf-dist/tex/latex/base/size11.clo
File: size11.clo 2024/06/29 v1.4n Standard LaTeX file (size option)
)
\c@part=\count196
\c@section=\count197
\c@subsection=\count198
\c@subsubsection=\count199
\c@paragraph=\count266
\c@subparagraph=\count267
\c@figure=\count268
\c@table=\count269
\abovecaptionskip=\skip49
\belowcaptionskip=\skip50
\bibindent=\dimen141
) (/usr/local/texlive/2025/texmf-dist/tex/latex/geometry/geometry.sty
Package: geometry 2020/01/02 v5.9 Page Geometry
 (/usr/local/texlive/2025/texmf-dist/tex/latex/graphics/keyval.sty
Package: keyval 2022/05/29 v1.15 key=value parser (DPC)
\KV@toks@=\toks17
) (/usr/local/texlive/2025/texmf-dist/tex/generic/iftex/ifvtex.sty
Package: ifvtex 2019/10/25 v1.7 ifvtex legacy package. Use iftex instead.
 (/usr/local/texlive/2025/texmf-dist/tex/generic/iftex/iftex.sty
Package: iftex 2024/12/12 v1.0g TeX engine tests
))
\Gm@cnth=\count270
\Gm@cntv=\count271
\c@Gm@tempcnt=\count272
\Gm@bindingoffset=\dimen142
\Gm@wd@mp=\dimen143
\Gm@odd@mp=\dimen144
\Gm@even@mp=\dimen145
\Gm@layoutwidth=\dimen146
\Gm@layoutheight=\dimen147
\Gm@layouthoffset=\dimen148
\Gm@layoutvoffset=\dimen149
\Gm@dimlist=\toks18
) (/usr/local/texlive/2025/texmf-dist/tex/latex/amsmath/amsmath.sty
Package: amsmath 2024/11/05 v2.17t AMS math features
\@mathmargin=\skip51

For additional information on amsmath, use the `?' option.
(/usr/local/texlive/2025/texmf-dist/tex/latex/amsmath/amstext.sty
Package: amstext 2021/08/26 v2.01 AMS text
 (/usr/local/texlive/2025/texmf-dist/tex/latex/amsmath/amsgen.sty
File: amsgen.sty 1999/11/30 v2.0 generic functions
\@emptytoks=\toks19
\ex@=\dimen150
)) (/usr/local/texlive/2025/texmf-dist/tex/latex/amsmath/amsbsy.sty
Package: amsbsy 1999/11/29 v1.2d Bold Symbols
\pmbraise@=\dimen151
) (/usr/local/texlive/2025/texmf-dist/tex/latex/amsmath/amsopn.sty
Package: amsopn 2022/04/08 v2.04 operator names
)
\inf@bad=\count273
LaTeX Info: Redefining \frac on input line 233.
\uproot@=\count274
\leftroot@=\count275
LaTeX Info: Redefining \overline on input line 398.
LaTeX Info: Redefining \colon on input line 409.
\classnum@=\count276
\DOTSCASE@=\count277
LaTeX Info: Redefining \ldots on input line 495.
LaTeX Info: Redefining \dots on input line 498.
LaTeX Info: Redefining \cdots on input line 619.
\Mathstrutbox@=\box52
\strutbox@=\box53
LaTeX Info: Redefining \big on input line 721.
LaTeX Info: Redefining \Big on input line 722.
LaTeX Info: Redefining \bigg on input line 723.
LaTeX Info: Redefining \Bigg on input line 724.
\big@size=\dimen152
LaTeX Font Info:    Redeclaring font encoding OML on input line 742.
LaTeX Font Info:    Redeclaring font encoding OMS on input line 743.
\macc@depth=\count278
LaTeX Info: Redefining \bmod on input line 904.
LaTeX Info: Redefining \pmod on input line 909.
LaTeX Info: Redefining \smash on input line 939.
LaTeX Info: Redefining \relbar on input line 969.
LaTeX Info: Redefining \Relbar on input line 970.
\c@MaxMatrixCols=\count279
\dotsspace@=\muskip17
\c@parentequation=\count280
\dspbrk@lvl=\count281
\tag@help=\toks20
\row@=\count282
\column@=\count283
\maxfields@=\count284
\andhelp@=\toks21
\eqnshift@=\dimen153
\alignsep@=\dimen154
\tagshift@=\dimen155
\tagwidth@=\dimen156
\totwidth@=\dimen157
\lineht@=\dimen158
\@envbody=\toks22
\multlinegap=\skip52
\multlinetaggap=\skip53
\mathdisplay@stack=\toks23
LaTeX Info: Redefining \[ on input line 2953.
LaTeX Info: Redefining \] on input line 2954.
) (/usr/local/texlive/2025/texmf-dist/tex/latex/amsfonts/amssymb.sty
Package: amssymb 2013/01/14 v3.01 AMS font symbols
 (/usr/local/texlive/2025/texmf-dist/tex/latex/amsfonts/amsfonts.sty
Package: amsfonts 2013/01/14 v3.01 Basic AMSFonts support
\symAMSa=\mathgroup4
\symAMSb=\mathgroup5
LaTeX Font Info:    Redeclaring math symbol \hbar on input line 98.
LaTeX Font Info:    Overwriting math alphabet `\mathfrak' in version `bold'
(Font)                  U/euf/m/n --> U/euf/b/n on input line 106.
)) (/usr/local/texlive/2025/texmf-dist/tex/latex/tools/bm.sty
Package: bm 2023/12/19 v1.2f Bold Symbol Support (DPC/FMi)
\symboldoperators=\mathgroup6
\symboldletters=\mathgroup7
\symboldsymbols=\mathgroup8
Package bm Info: No bold for \OMX/cmex/m/n, using \pmb.
Package bm Info: No bold for \U/msa/m/n, using \pmb.
Package bm Info: No bold for \U/msb/m/n, using \pmb.
LaTeX Font Info:    Redeclaring math alphabet \mathbf on input line 149.
) (/usr/local/texlive/2025/texmf-dist/tex/latex/graphics/graphicx.sty
Package: graphicx 2021/09/16 v1.2d Enhanced LaTeX Graphics (DPC,SPQR)
 (/usr/local/texlive/2025/texmf-dist/tex/latex/graphics/graphics.sty
Package: graphics 2024/08/06 v1.4g Standard LaTeX Graphics (DPC,SPQR)
 (/usr/local/texlive/2025/texmf-dist/tex/latex/graphics/trig.sty
Package: trig 2023/12/02 v1.11 sin cos tan (DPC)
) (/usr/local/texlive/2025/texmf-dist/tex/latex/graphics-cfg/graphics.cfg
File: graphics.cfg 2016/06/04 v1.11 sample graphics configuration
)
Package graphics Info: Driver file: pdftex.def on input line 106.
 (/usr/local/texlive/2025/texmf-dist/tex/latex/graphics-def/pdftex.def
File: pdftex.def 2024/04/13 v1.2c Graphics/color driver for pdftex
))
\Gin@req@height=\dimen159
\Gin@req@width=\dimen160
) (/usr/local/texlive/2025/texmf-dist/tex/latex/booktabs/booktabs.sty
Package: booktabs 2020/01/12 v1.61803398 Publication quality tables
\heavyrulewidth=\dimen161
\lightrulewidth=\dimen162
\cmidrulewidth=\dimen163
\belowrulesep=\dimen164
\belowbottomsep=\dimen165
\aboverulesep=\dimen166
\abovetopsep=\dimen167
\cmidrulesep=\dimen168
\cmidrulekern=\dimen169
\defaultaddspace=\dimen170
\@cmidla=\count285
\@cmidlb=\count286
\@aboverulesep=\dimen171
\@belowrulesep=\dimen172
\@thisruleclass=\count287
\@lastruleclass=\count288
\@thisrulewidth=\dimen173
) (/usr/local/texlive/2025/texmf-dist/tex/latex/enumitem/enumitem.sty
Package: enumitem 2025/02/06 v3.11 Customized lists
\labelindent=\skip54
\enit@outerparindent=\dimen174
\enit@toks=\toks24
\enit@inbox=\box54
\enit@count@id=\count289
\enitdp@description=\count290
) (/usr/local/texlive/2025/texmf-dist/tex/latex/hyperref/hyperref.sty
Package: hyperref 2024-11-05 v7.01l Hypertext links for LaTeX
 (/usr/local/texlive/2025/texmf-dist/tex/latex/kvsetkeys/kvsetkeys.sty
Package: kvsetkeys 2022-10-05 v1.19 Key value parser (HO)
) (/usr/local/texlive/2025/texmf-dist/tex/generic/kvdefinekeys/kvdefinekeys.sty
Package: kvdefinekeys 2019-12-19 v1.6 Define keys (HO)
) (/usr/local/texlive/2025/texmf-dist/tex/generic/pdfescape/pdfescape.sty
Package: pdfescape 2019/12/09 v1.15 Implements pdfTeX's escape features (HO)
 (/usr/local/texlive/2025/texmf-dist/tex/generic/ltxcmds/ltxcmds.sty
Package: ltxcmds 2023-12-04 v1.26 LaTeX kernel commands for general use (HO)
) (/usr/local/texlive/2025/texmf-dist/tex/generic/pdftexcmds/pdftexcmds.sty
Package: pdftexcmds 2020-06-27 v0.33 Utility functions of pdfTeX for LuaTeX (HO)
 (/usr/local/texlive/2025/texmf-dist/tex/generic/infwarerr/infwarerr.sty
Package: infwarerr 2019/12/03 v1.5 Providing info/warning/error messages (HO)
)
Package pdftexcmds Info: \pdf@primitive is available.
Package pdftexcmds Info: \pdf@ifprimitive is available.
Package pdftexcmds Info: \pdfdraftmode found.
)) (/usr/local/texlive/2025/texmf-dist/tex/latex/hycolor/hycolor.sty
Package: hycolor 2020-01-27 v1.10 Color options for hyperref/bookmark (HO)
) (/usr/local/texlive/2025/texmf-dist/tex/latex/hyperref/nameref.sty
Package: nameref 2023-11-26 v2.56 Cross-referencing by name of section
 (/usr/local/texlive/2025/texmf-dist/tex/latex/refcount/refcount.sty
Package: refcount 2019/12/15 v3.6 Data extraction from label references (HO)
) (/usr/local/texlive/2025/texmf-dist/tex/generic/gettitlestring/gettitlestring.sty
Package: gettitlestring 2019/12/15 v1.6 Cleanup title references (HO)
 (/usr/local/texlive/2025/texmf-dist/tex/latex/kvoptions/kvoptions.sty
Package: kvoptions 2022-06-15 v3.15 Key value format for package options (HO)
))
\c@section@level=\count291
) (/usr/local/texlive/2025/texmf-dist/tex/latex/etoolbox/etoolbox.sty
Package: etoolbox 2025/02/11 v2.5l e-TeX tools for LaTeX (JAW)
\etb@tempcnta=\count292
) (/usr/local/texlive/2025/texmf-dist/tex/generic/stringenc/stringenc.sty
Package: stringenc 2019/11/29 v1.12 Convert strings between diff. encodings (HO)
)
\@linkdim=\dimen175
\Hy@linkcounter=\count293
\Hy@pagecounter=\count294
 (/usr/local/texlive/2025/texmf-dist/tex/latex/hyperref/pd1enc.def
File: pd1enc.def 2024-11-05 v7.01l Hyperref: PDFDocEncoding definition (HO)
Now handling font encoding PD1 ...
... no UTF-8 mapping file for font encoding PD1
) (/usr/local/texlive/2025/texmf-dist/tex/generic/intcalc/intcalc.sty
Package: intcalc 2019/12/15 v1.3 Expandable calculations with integers (HO)
)
\Hy@SavedSpaceFactor=\count295
 (/usr/local/texlive/2025/texmf-dist/tex/latex/hyperref/puenc.def
File: puenc.def 2024-11-05 v7.01l Hyperref: PDF Unicode definition (HO)
Now handling font encoding PU ...
... no UTF-8 mapping file for font encoding PU
)
Package hyperref Info: Hyper figures OFF on input line 4157.
Package hyperref Info: Link nesting OFF on input line 4162.
Package hyperref Info: Hyper index ON on input line 4165.
Package hyperref Info: Plain pages OFF on input line 4172.
Package hyperref Info: Backreferencing OFF on input line 4177.
Package hyperref Info: Implicit mode ON; LaTeX internals redefined.
Package hyperref Info: Bookmarks ON on input line 4424.
\c@Hy@tempcnt=\count296
 (/usr/local/texlive/2025/texmf-dist/tex/latex/url/url.sty
\Urlmuskip=\muskip18
Package: url 2013/09/16  ver 3.4  Verb mode for urls, etc.
)
LaTeX Info: Redefining \url on input line 4763.
\XeTeXLinkMargin=\dimen176
 (/usr/local/texlive/2025/texmf-dist/tex/generic/bitset/bitset.sty
Package: bitset 2019/12/09 v1.3 Handle bit-vector datatype (HO)
 (/usr/local/texlive/2025/texmf-dist/tex/generic/bigintcalc/bigintcalc.sty
Package: bigintcalc 2019/12/15 v1.5 Expandable calculations on big integers (HO)
))
\Fld@menulength=\count297
\Field@Width=\dimen177
\Fld@charsize=\dimen178
Package hyperref Info: Hyper figures OFF on input line 6042.
Package hyperref Info: Link nesting OFF on input line 6047.
Package hyperref Info: Hyper index ON on input line 6050.
Package hyperref Info: backreferencing OFF on input line 6057.
Package hyperref Info: Link coloring OFF on input line 6062.
Package hyperref Info: Link coloring with OCG OFF on input line 6067.
Package hyperref Info: PDF/A mode OFF on input line 6072.
 (/usr/local/texlive/2025/texmf-dist/tex/latex/base/atbegshi-ltx.sty
Package: atbegshi-ltx 2021/01/10 v1.0c Emulation of the original atbegshi
package with kernel methods
)
\Hy@abspage=\count298
\c@Item=\count299
\c@Hfootnote=\count300
)
Package hyperref Info: Driver (autodetected): hpdftex.
 (/usr/local/texlive/2025/texmf-dist/tex/latex/hyperref/hpdftex.def
File: hpdftex.def 2024-11-05 v7.01l Hyperref driver for pdfTeX
 (/usr/local/texlive/2025/texmf-dist/tex/latex/base/atveryend-ltx.sty
Package: atveryend-ltx 2020/08/19 v1.0a Emulation of the original atveryend package
with kernel methods
)
\Fld@listcount=\count301
\c@bookmark@seq@number=\count302
 (/usr/local/texlive/2025/texmf-dist/tex/latex/rerunfilecheck/rerunfilecheck.sty
Package: rerunfilecheck 2022-07-10 v1.10 Rerun checks for auxiliary files (HO)
 (/usr/local/texlive/2025/texmf-dist/tex/generic/uniquecounter/uniquecounter.sty
Package: uniquecounter 2019/12/15 v1.4 Provide unlimited unique counter (HO)
)
Package uniquecounter Info: New unique counter `rerunfilecheck' on input line 285.
)
\Hy@SectionHShift=\skip55
) (/usr/local/texlive/2025/texmf-dist/tex/latex/xcolor/xcolor.sty
Package: xcolor 2024/09/29 v3.02 LaTeX color extensions (UK)
 (/usr/local/texlive/2025/texmf-dist/tex/latex/graphics-cfg/color.cfg
File: color.cfg 2016/01/02 v1.6 sample color configuration
)
Package xcolor Info: Driver file: pdftex.def on input line 274.
 (/usr/local/texlive/2025/texmf-dist/tex/latex/graphics/mathcolor.ltx)
Package xcolor Info: Model `cmy' substituted by `cmy0' on input line 1349.
Package xcolor Info: Model `hsb' substituted by `rgb' on input line 1353.
Package xcolor Info: Model `RGB' extended on input line 1365.
Package xcolor Info: Model `HTML' substituted by `rgb' on input line 1367.
Package xcolor Info: Model `Hsb' substituted by `hsb' on input line 1368.
Package xcolor Info: Model `tHsb' substituted by `hsb' on input line 1369.
Package xcolor Info: Model `HSB' substituted by `hsb' on input line 1370.
Package xcolor Info: Model `Gray' substituted by `gray' on input line 1371.
Package xcolor Info: Model `wave' substituted by `hsb' on input line 1372.
) (/usr/local/texlive/2025/texmf-dist/tex/latex/float/float.sty
Package: float 2001/11/08 v1.3d Float enhancements (AL)
\c@float@type=\count303
\float@exts=\toks25
\float@box=\box55
\@float@everytoks=\toks26
\@floatcapt=\box56
) (/usr/local/texlive/2025/texmf-dist/tex/latex/l3backend/l3backend-pdftex.def
File: l3backend-pdftex.def 2024-05-08 L3 backend support: PDF output (pdfTeX)
\l__color_backend_stack_int=\count304
\l__pdf_internal_box=\box57
) (./report.aux)
\openout1 = `report.aux'.

LaTeX Font Info:    Checking defaults for OML/cmm/m/it on input line 15.
LaTeX Font Info:    ... okay on input line 15.
LaTeX Font Info:    Checking defaults for OMS/cmsy/m/n on input line 15.
LaTeX Font Info:    ... okay on input line 15.
LaTeX Font Info:    Checking defaults for OT1/cmr/m/n on input line 15.
LaTeX Font Info:    ... okay on input line 15.
LaTeX Font Info:    Checking defaults for T1/cmr/m/n on input line 15.
LaTeX Font Info:    ... okay on input line 15.
LaTeX Font Info:    Checking defaults for TS1/cmr/m/n on input line 15.
LaTeX Font Info:    ... okay on input line 15.
LaTeX Font Info:    Checking defaults for OMX/cmex/m/n on input line 15.
LaTeX Font Info:    ... okay on input line 15.
LaTeX Font Info:    Checking defaults for U/cmr/m/n on input line 15.
LaTeX Font Info:    ... okay on input line 15.
LaTeX Font Info:    Checking defaults for PD1/pdf/m/n on input line 15.
LaTeX Font Info:    ... okay on input line 15.
LaTeX Font Info:    Checking defaults for PU/pdf/m/n on input line 15.
LaTeX Font Info:    ... okay on input line 15.

*geometry* driver: auto-detecting
*geometry* detected driver: pdftex
*geometry* verbose mode - [ preamble ] result:
* driver: pdftex
* paper: <default>
* layout: <same size as paper>
* layoutoffset:(h,v)=(0.0pt,0.0pt)
* modes: 
* h-part:(L,W,R)=(72.26999pt, 469.75502pt, 72.26999pt)
* v-part:(T,H,B)=(72.26999pt, 650.43001pt, 72.26999pt)
* \paperwidth=614.295pt
* \paperheight=794.96999pt
* \textwidth=469.75502pt
* \textheight=650.43001pt
* \oddsidemargin=0.0pt
* \evensidemargin=0.0pt
* \topmargin=-37.0pt
* \headheight=12.0pt
* \headsep=25.0pt
* \topskip=11.0pt
* \footskip=30.0pt
* \marginparwidth=59.0pt
* \marginparsep=10.0pt
* \columnsep=10.0pt
* \skip\footins=10.0pt plus 4.0pt minus 2.0pt
* \hoffset=0.0pt
* \voffset=0.0pt
* \mag=1000
* \@twocolumnfalse
* \@twosidefalse
* \@mparswitchfalse
* \@reversemarginfalse
* (1in=72.27pt=25.4mm, 1cm=28.453pt)

(/usr/local/texlive/2025/texmf-dist/tex/context/base/mkii/supp-pdf.mkii
[Loading MPS to PDF converter (version 2006.09.02).]
\scratchcounter=\count305
\scratchdimen=\dimen179
\scratchbox=\box58
\nofMPsegments=\count306
\nofMParguments=\count307
\everyMPshowfont=\toks27
\MPscratchCnt=\count308
\MPscratchDim=\dimen180
\MPnumerator=\count309
\makeMPintoPDFobject=\count310
\everyMPtoPDFconversion=\toks28
) (/usr/local/texlive/2025/texmf-dist/tex/latex/epstopdf-pkg/epstopdf-base.sty
Package: epstopdf-base 2020-01-24 v2.11 Base part for package epstopdf
Package epstopdf-base Info: Redefining graphics rule for `.eps' on input line 485.
 (/usr/local/texlive/2025/texmf-dist/tex/latex/latexconfig/epstopdf-sys.cfg
File: epstopdf-sys.cfg 2010/07/13 v1.3 Configuration of (r)epstopdf for TeX Live
))
Package hyperref Info: Link coloring OFF on input line 15.
 (./report.out) (./report.out)
\@outlinefile=\write3
\openout3 = `report.out'.

LaTeX Font Info:    Trying to load font information for U+msa on input line 17.
 (/usr/local/texlive/2025/texmf-dist/tex/latex/amsfonts/umsa.fd
File: umsa.fd 2013/01/14 v3.01 AMS symbols A
)
LaTeX Font Info:    Trying to load font information for U+msb on input line 17.
 (/usr/local/texlive/2025/texmf-dist/tex/latex/amsfonts/umsb.fd
File: umsb.fd 2013/01/14 v3.01 AMS symbols B
)

[1

{/usr/local/texlive/2025/texmf-var/fonts/map/pdftex/updmap/pdftex.map}]
<figs/moons_raw.png, id=57, 361.35pt x 289.08pt>
File: figs/moons_raw.png Graphic file (type png)
<use figs/moons_raw.png>
Package pdftex.def Info: figs/moons_raw.png  used on input line 26.
(pdftex.def)             Requested size: 281.85587pt x 225.48589pt.


[2
pdfTeX warning (ext4): destination with the same identifier (name{figure.1}) has been already used, duplicate ignored
<argument> ...shipout:D \box_use:N \l_shipout_box 
                                                  \__shipout_drop_firstpage_...
l.53 \subsection
                {(d) Backpropagation --- Gradients} <./figs/moons_raw.png>]
<figs/decision_boundary_tanh_H3.png, id=78, 361.35pt x 289.08pt>
File: figs/decision_boundary_tanh_H3.png Graphic file (type png)
<use figs/decision_boundary_tanh_H3.png>
Package pdftex.def Info: figs/decision_boundary_tanh_H3.png  used on input line 71.
(pdftex.def)             Requested size: 136.2258pt x 108.97815pt.
<figs/decision_boundary_sigmoid_H3.png, id=79, 361.35pt x 289.08pt>
File: figs/decision_boundary_sigmoid_H3.png Graphic file (type png)
<use figs/decision_boundary_sigmoid_H3.png>
Package pdftex.def Info: figs/decision_boundary_sigmoid_H3.png  used on input line 72.
(pdftex.def)             Requested size: 136.2258pt x 108.97815pt.
<figs/decision_boundary_relu_H3.png, id=80, 361.35pt x 289.08pt>
File: figs/decision_boundary_relu_H3.png Graphic file (type png)
<use figs/decision_boundary_relu_H3.png>
Package pdftex.def Info: figs/decision_boundary_relu_H3.png  used on input line 73.
(pdftex.def)             Requested size: 136.2258pt x 108.97815pt.
File: figs/decision_boundary_tanh_H3.png Graphic file (type png)
<use figs/decision_boundary_tanh_H3.png>
Package pdftex.def Info: figs/decision_boundary_tanh_H3.png  used on input line 83.
(pdftex.def)             Requested size: 136.2258pt x 108.97815pt.
<figs/decision_boundary_tanh_H10.png, id=81, 361.35pt x 289.08pt>
File: figs/decision_boundary_tanh_H10.png Graphic file (type png)
<use figs/decision_boundary_tanh_H10.png>
Package pdftex.def Info: figs/decision_boundary_tanh_H10.png  used on input line 84.
(pdftex.def)             Requested size: 136.2258pt x 108.97815pt.
<figs/decision_boundary_tanh_H50.png, id=82, 361.35pt x 289.08pt>
File: figs/decision_boundary_tanh_H50.png Graphic file (type png)
<use figs/decision_boundary_tanh_H50.png>
Package pdftex.def Info: figs/decision_boundary_tanh_H50.png  used on input line 85.
(pdftex.def)             Requested size: 136.2258pt x 108.97815pt.


[3
pdfTeX warning (ext4): destination with the same identifier (name{figure.2}) has been already used, duplicate ignored
<argument> ...shipout:D \box_use:N \l_shipout_box 
                                                  \__shipout_drop_firstpage_...
l.90 
      <./figs/decision_boundary_tanh_H3.png> <./figs/decision_boundary_sigmoid_H3.png> <./figs/decision_boundary_relu_H3.png>]

[4
pdfTeX warning (ext4): destination with the same identifier (name{figure.3}) has been already used, duplicate ignored
<argument> ...shipout:D \box_use:N \l_shipout_box 
                                                  \__shipout_drop_firstpage_...
l.91 \newpage
              <./figs/decision_boundary_tanh_H10.png> <./figs/decision_boundary_tanh_H50.png>]
<figs/deep_decision_L1_H4.png, id=102, 361.35pt x 289.08pt>
File: figs/deep_decision_L1_H4.png Graphic file (type png)
<use figs/deep_decision_L1_H4.png>
Package pdftex.def Info: figs/deep_decision_L1_H4.png  used on input line 100.
(pdftex.def)             Requested size: 136.2258pt x 108.97815pt.
<figs/deep_decision_L2_H16.png, id=103, 361.35pt x 289.08pt>
File: figs/deep_decision_L2_H16.png Graphic file (type png)
<use figs/deep_decision_L2_H16.png>
Package pdftex.def Info: figs/deep_decision_L2_H16.png  used on input line 101.
(pdftex.def)             Requested size: 136.2258pt x 108.97815pt.
<figs/deep_decision_L6_H64.png, id=104, 361.35pt x 289.08pt>
File: figs/deep_decision_L6_H64.png Graphic file (type png)
<use figs/deep_decision_L6_H64.png>
Package pdftex.def Info: figs/deep_decision_L6_H64.png  used on input line 102.
(pdftex.def)             Requested size: 136.2258pt x 108.97815pt.

Underfull \hbox (badness 10000) in paragraph at lines 94--106

 []

<figs/deep_circles_L3_H32.png, id=105, 361.35pt x 289.08pt>
File: figs/deep_circles_L3_H32.png Graphic file (type png)
<use figs/deep_circles_L3_H32.png>
Package pdftex.def Info: figs/deep_circles_L3_H32.png  used on input line 111.
(pdftex.def)             Requested size: 187.89914pt x 150.31804pt.
<figs/deep_blobs_L3_H32.png, id=106, 361.35pt x 289.08pt>
File: figs/deep_blobs_L3_H32.png Graphic file (type png)
<use figs/deep_blobs_L3_H32.png>
Package pdftex.def Info: figs/deep_blobs_L3_H32.png  used on input line 112.
(pdftex.def)             Requested size: 187.89914pt x 150.31804pt.


[5
pdfTeX warning (ext4): destination with the same identifier (name{figure.4}) has been already used, duplicate ignored
<argument> ...shipout:D \box_use:N \l_shipout_box 
                                                  \__shipout_drop_firstpage_...
l.123   \item \textbf
                     {L2 regularization} in the deeper net: requested in the...
pdfTeX warning (ext4): destination with the same identifier (name{figure.5}) has been already used, duplicate ignored
<argument> ...shipout:D \box_use:N \l_shipout_box 
                                                  \__shipout_drop_firstpage_...
l.123   \item \textbf
                     {L2 regularization} in the deeper net: requested in the...{/usr/local/texlive/2025/texmf-dist/fonts/enc/dvips/cm-super/cm-super-ts1.enc} <./figs/deep_decision_L1_H4.png> <./figs/deep_decision_L2_H16.png> <./figs/deep_decision_L6_H64.png> <./figs/deep_circles_L3_H32.png> <./figs/deep_blobs_L3_H32.png>]

[6]
Overfull \hbox (24.63213pt too wide) in paragraph at lines 131--132
\OT1/cmtt/m/n/10.95 maxpool(2-2) - conv2(5-5-32-64) - ReLU - maxpool(2-2) - fc(1024) - ReLU - DropOut(0.5)
 []

<figs/tb_testacc.png, id=124, 1204.5pt x 475.7775pt>
File: figs/tb_testacc.png Graphic file (type png)
<use figs/tb_testacc.png>
Package pdftex.def Info: figs/tb_testacc.png  used on input line 141.
(pdftex.def)             Requested size: 211.38832pt x 83.49461pt.
<figs/tb_valacc.png, id=125, 1197.47375pt x 458.71375pt>
File: figs/tb_valacc.png Graphic file (type png)
<use figs/tb_valacc.png>
Package pdftex.def Info: figs/tb_valacc.png  used on input line 142.
(pdftex.def)             Requested size: 211.38832pt x 80.97604pt.
<figs/tb_loss.png, id=126, 1200.485pt x 458.71375pt>
File: figs/tb_loss.png Graphic file (type png)
<use figs/tb_loss.png>
Package pdftex.def Info: figs/tb_loss.png  used on input line 147.
(pdftex.def)             Requested size: 136.2258pt x 52.04753pt.
<figs/tb_z_conv1_hist.png, id=127, 1196.47pt x 457.71pt>
File: figs/tb_z_conv1_hist.png Graphic file (type png)
<use figs/tb_z_conv1_hist.png>
Package pdftex.def Info: figs/tb_z_conv1_hist.png  used on input line 148.
(pdftex.def)             Requested size: 136.2258pt x 52.10825pt.
<figs/tb_a_relu1_hist.png, id=128, 1198.4775pt x 465.74pt>
File: figs/tb_a_relu1_hist.png Graphic file (type png)
<use figs/tb_a_relu1_hist.png>
Package pdftex.def Info: figs/tb_a_relu1_hist.png  used on input line 149.
(pdftex.def)             Requested size: 136.2258pt x 52.93713pt.
<figs/tb_params_conv1_weight_hist.png, id=129, 1194.4625pt x 454.69875pt>
File: figs/tb_params_conv1_weight_hist.png Graphic file (type png)
<use figs/tb_params_conv1_weight_hist.png>
Package pdftex.def Info: figs/tb_params_conv1_weight_hist.png  used on input line 154.
(pdftex.def)             Requested size: 136.2258pt x 51.85562pt.
<figs/tb_a_pool1_hist.png, id=130, 1196.47pt x 460.72125pt>
File: figs/tb_a_pool1_hist.png Graphic file (type png)
<use figs/tb_a_pool1_hist.png>
Package pdftex.def Info: figs/tb_a_pool1_hist.png  used on input line 155.
(pdftex.def)             Requested size: 136.2258pt x 52.45105pt.

Underfull \hbox (badness 1939) in paragraph at lines 158--158
[]\OT1/cmr/m/n/10.95 Figure 6: []TensorBoard mon-i-tor-ing: loss/accuracy, pa-ram-e-ter his-tograms, and lay-er-wise
 []

<figs/tb_stats_params_conv1_weight_min.png, id=131, 1157.32375pt x 459.7175pt>
File: figs/tb_stats_params_conv1_weight_min.png Graphic file (type png)
<use figs/tb_stats_params_conv1_weight_min.png>
Package pdftex.def Info: figs/tb_stats_params_conv1_weight_min.png  used on input line 167.
(pdftex.def)             Requested size: 93.94957pt x 37.31828pt.
<figs/tb_stats_params_conv1_weight_max.png, id=132, 1157.32375pt x 459.7175pt>
File: figs/tb_stats_params_conv1_weight_max.png Graphic file (type png)
<use figs/tb_stats_params_conv1_weight_max.png>
Package pdftex.def Info: figs/tb_stats_params_conv1_weight_max.png  used on input line 168.
(pdftex.def)             Requested size: 93.94957pt x 37.31828pt.
<figs/tb_stats_params_conv1_weight_mean.png, id=133, 1157.32375pt x 459.7175pt>
File: figs/tb_stats_params_conv1_weight_mean.png Graphic file (type png)
<use figs/tb_stats_params_conv1_weight_mean.png>
Package pdftex.def Info: figs/tb_stats_params_conv1_weight_mean.png  used on input line 169.
(pdftex.def)             Requested size: 93.94957pt x 37.31828pt.
<figs/tb_stats_params_conv1_weight_std.png, id=134, 1157.32375pt x 459.7175pt>
File: figs/tb_stats_params_conv1_weight_std.png Graphic file (type png)
<use figs/tb_stats_params_conv1_weight_std.png>
Package pdftex.def Info: figs/tb_stats_params_conv1_weight_std.png  used on input line 170.
(pdftex.def)             Requested size: 93.94957pt x 37.31828pt.
<figs/tb_stats_params_conv1_bias_min.png, id=135, 1157.32375pt x 459.7175pt>
File: figs/tb_stats_params_conv1_bias_min.png Graphic file (type png)
<use figs/tb_stats_params_conv1_bias_min.png>
Package pdftex.def Info: figs/tb_stats_params_conv1_bias_min.png  used on input line 178.
(pdftex.def)             Requested size: 93.94957pt x 37.31828pt.
<figs/tb_stats_params_conv1_bias_max.png, id=136, 1157.32375pt x 459.7175pt>
File: figs/tb_stats_params_conv1_bias_max.png Graphic file (type png)
<use figs/tb_stats_params_conv1_bias_max.png>
Package pdftex.def Info: figs/tb_stats_params_conv1_bias_max.png  used on input line 179.
(pdftex.def)             Requested size: 93.94957pt x 37.31828pt.
<figs/tb_stats_params_conv1_bias_mean.png, id=137, 1157.32375pt x 459.7175pt>
File: figs/tb_stats_params_conv1_bias_mean.png Graphic file (type png)
<use figs/tb_stats_params_conv1_bias_mean.png>
Package pdftex.def Info: figs/tb_stats_params_conv1_bias_mean.png  used on input line 180.
(pdftex.def)             Requested size: 93.94957pt x 37.31828pt.
<figs/tb_stats_params_conv1_bias_std.png, id=138, 1157.32375pt x 459.7175pt>
File: figs/tb_stats_params_conv1_bias_std.png Graphic file (type png)
<use figs/tb_stats_params_conv1_bias_std.png>
Package pdftex.def Info: figs/tb_stats_params_conv1_bias_std.png  used on input line 181.
(pdftex.def)             Requested size: 93.94957pt x 37.31828pt.
<figs/tb_stats_z_conv1_min.png, id=139, 1157.32375pt x 459.7175pt>
File: figs/tb_stats_z_conv1_min.png Graphic file (type png)
<use figs/tb_stats_z_conv1_min.png>
Package pdftex.def Info: figs/tb_stats_z_conv1_min.png  used on input line 189.
(pdftex.def)             Requested size: 93.94957pt x 37.31828pt.
<figs/tb_stats_z_conv1_max.png, id=140, 1157.32375pt x 459.7175pt>
File: figs/tb_stats_z_conv1_max.png Graphic file (type png)
<use figs/tb_stats_z_conv1_max.png>
Package pdftex.def Info: figs/tb_stats_z_conv1_max.png  used on input line 190.
(pdftex.def)             Requested size: 93.94957pt x 37.31828pt.
<figs/tb_stats_z_conv1_mean.png, id=141, 1157.32375pt x 459.7175pt>
File: figs/tb_stats_z_conv1_mean.png Graphic file (type png)
<use figs/tb_stats_z_conv1_mean.png>
Package pdftex.def Info: figs/tb_stats_z_conv1_mean.png  used on input line 191.
(pdftex.def)             Requested size: 93.94957pt x 37.31828pt.
<figs/tb_stats_z_conv1_std.png, id=142, 1157.32375pt x 459.7175pt>
File: figs/tb_stats_z_conv1_std.png Graphic file (type png)
<use figs/tb_stats_z_conv1_std.png>
Package pdftex.def Info: figs/tb_stats_z_conv1_std.png  used on input line 192.
(pdftex.def)             Requested size: 93.94957pt x 37.31828pt.
<figs/tb_stats_a_relu1_min.png, id=143, 1157.32375pt x 459.7175pt>
File: figs/tb_stats_a_relu1_min.png Graphic file (type png)
<use figs/tb_stats_a_relu1_min.png>
Package pdftex.def Info: figs/tb_stats_a_relu1_min.png  used on input line 200.
(pdftex.def)             Requested size: 93.94957pt x 37.31828pt.
<figs/tb_stats_a_relu1_max.png, id=144, 1157.32375pt x 459.7175pt>
File: figs/tb_stats_a_relu1_max.png Graphic file (type png)
<use figs/tb_stats_a_relu1_max.png>
Package pdftex.def Info: figs/tb_stats_a_relu1_max.png  used on input line 201.
(pdftex.def)             Requested size: 93.94957pt x 37.31828pt.
<figs/tb_stats_a_relu1_mean.png, id=145, 1157.32375pt x 459.7175pt>
File: figs/tb_stats_a_relu1_mean.png Graphic file (type png)
<use figs/tb_stats_a_relu1_mean.png>
Package pdftex.def Info: figs/tb_stats_a_relu1_mean.png  used on input line 202.
(pdftex.def)             Requested size: 93.94957pt x 37.31828pt.
<figs/tb_stats_a_relu1_std.png, id=146, 1157.32375pt x 459.7175pt>
File: figs/tb_stats_a_relu1_std.png Graphic file (type png)
<use figs/tb_stats_a_relu1_std.png>
Package pdftex.def Info: figs/tb_stats_a_relu1_std.png  used on input line 203.
(pdftex.def)             Requested size: 93.94957pt x 37.31828pt.
<figs/tb_stats_a_pool1_min.png, id=147, 1157.32375pt x 459.7175pt>
File: figs/tb_stats_a_pool1_min.png Graphic file (type png)
<use figs/tb_stats_a_pool1_min.png>
Package pdftex.def Info: figs/tb_stats_a_pool1_min.png  used on input line 211.
(pdftex.def)             Requested size: 93.94957pt x 37.31828pt.
<figs/tb_stats_a_pool1_max.png, id=148, 1157.32375pt x 459.7175pt>
File: figs/tb_stats_a_pool1_max.png Graphic file (type png)
<use figs/tb_stats_a_pool1_max.png>
Package pdftex.def Info: figs/tb_stats_a_pool1_max.png  used on input line 212.
(pdftex.def)             Requested size: 93.94957pt x 37.31828pt.
<figs/tb_stats_a_pool1_mean.png, id=149, 1157.32375pt x 459.7175pt>
File: figs/tb_stats_a_pool1_mean.png Graphic file (type png)
<use figs/tb_stats_a_pool1_mean.png>
Package pdftex.def Info: figs/tb_stats_a_pool1_mean.png  used on input line 213.
(pdftex.def)             Requested size: 93.94957pt x 37.31828pt.
<figs/tb_stats_a_pool1_std.png, id=150, 1157.32375pt x 459.7175pt>
File: figs/tb_stats_a_pool1_std.png Graphic file (type png)
<use figs/tb_stats_a_pool1_std.png>
Package pdftex.def Info: figs/tb_stats_a_pool1_std.png  used on input line 214.
(pdftex.def)             Requested size: 93.94957pt x 37.31828pt.


[7
pdfTeX warning (ext4): destination with the same identifier (name{figure.6}) has been already used, duplicate ignored
<argument> ...shipout:D \box_use:N \l_shipout_box 
                                                  \__shipout_drop_firstpage_...
l.220 
       <./figs/tb_testacc.png> <./figs/tb_valacc.png> <./figs/tb_loss.png> <./figs/tb_z_conv1_hist.png> <./figs/tb_a_relu1_hist.png> <./figs/tb_params_conv1_weight_hist.png> <./figs/tb_a_pool1_hist.png>]
<figs/tb_runA_loss.png, id=166, 1144.275pt x 462.72874pt>
File: figs/tb_runA_loss.png Graphic file (type png)
<use figs/tb_runA_loss.png>
Package pdftex.def Info: figs/tb_runA_loss.png  used on input line 257.
(pdftex.def)             Requested size: 211.38832pt x 85.47638pt.
<figs/tb_runA_z_conv1_hist.png, id=167, 718.685pt x 523.9575pt>
File: figs/tb_runA_z_conv1_hist.png Graphic file (type png)
<use figs/tb_runA_z_conv1_hist.png>
Package pdftex.def Info: figs/tb_runA_z_conv1_hist.png  used on input line 258.
(pdftex.def)             Requested size: 211.38832pt x 154.11041pt.


[8
pdfTeX warning (ext4): destination with the same identifier (name{figure.7}) has been already used, duplicate ignored
<argument> ...shipout:D \box_use:N \l_shipout_box 
                                                  \__shipout_drop_firstpage_...
l.262 \end{figure}
                  
pdfTeX warning (ext4): destination with the same identifier (name{table.1}) has been already used, duplicate ignored
<argument> ...shipout:D \box_use:N \l_shipout_box 
                                                  \__shipout_drop_firstpage_...
l.262 \end{figure}
                   <./figs/tb_stats_params_conv1_weight_min.png> <./figs/tb_stats_params_conv1_weight_max.png> <./figs/tb_stats_params_conv1_weight_mean.png> <./figs/tb_stats_params_conv1_weight_std.png> <./figs/tb_stats_params_conv1_bias_min.png> <./figs/tb_stats_params_conv1_bias_max.png> <./figs/tb_stats_params_conv1_bias_mean.png> <./figs/tb_stats_params_conv1_bias_std.png> <./figs/tb_stats_z_conv1_min.png> <./figs/tb_stats_z_conv1_max.png> <./figs/tb_stats_z_conv1_mean.png> <./figs/tb_stats_z_conv1_std.png> <./figs/tb_stats_a_relu1_min.png> <./figs/tb_stats_a_relu1_max.png> <./figs/tb_stats_a_relu1_mean.png> <./figs/tb_stats_a_relu1_std.png> <./figs/tb_stats_a_pool1_min.png> <./figs/tb_stats_a_pool1_max.png> <./figs/tb_stats_a_pool1_mean.png> <./figs/tb_stats_a_pool1_std.png>]
<figs/tb_runB_loss.png, id=195, 1144.275pt x 462.72874pt>
File: figs/tb_runB_loss.png Graphic file (type png)
<use figs/tb_runB_loss.png>
Package pdftex.def Info: figs/tb_runB_loss.png  used on input line 270.
(pdftex.def)             Requested size: 211.38832pt x 85.47638pt.
<figs/tb_runB_a_relu1_hist.png, id=196, 718.685pt x 523.9575pt>
File: figs/tb_runB_a_relu1_hist.png Graphic file (type png)
<use figs/tb_runB_a_relu1_hist.png>
Package pdftex.def Info: figs/tb_runB_a_relu1_hist.png  used on input line 271.
(pdftex.def)             Requested size: 211.38832pt x 154.11041pt.


[9
pdfTeX warning (ext4): destination with the same identifier (name{figure.8}) has been already used, duplicate ignored
<argument> ...shipout:D \box_use:N \l_shipout_box 
                                                  \__shipout_drop_firstpage_...
l.277 \newpage
              
pdfTeX warning (ext4): destination with the same identifier (name{figure.9}) has been already used, duplicate ignored
<argument> ...shipout:D \box_use:N \l_shipout_box 
                                                  \__shipout_drop_firstpage_...
l.277 \newpage
               <./figs/tb_runA_loss.png> <./figs/tb_runA_z_conv1_hist.png> <./figs/tb_runB_loss.png> <./figs/tb_runB_a_relu1_hist.png>]
<figs/tb_runC_loss.png, id=209, 1144.275pt x 462.72874pt>
File: figs/tb_runC_loss.png Graphic file (type png)
<use figs/tb_runC_loss.png>
Package pdftex.def Info: figs/tb_runC_loss.png  used on input line 285.
(pdftex.def)             Requested size: 211.38832pt x 85.47638pt.
<figs/tb_runC_a_pool1_hist.png, id=210, 718.685pt x 523.9575pt>
File: figs/tb_runC_a_pool1_hist.png Graphic file (type png)
<use figs/tb_runC_a_pool1_hist.png>
Package pdftex.def Info: figs/tb_runC_a_pool1_hist.png  used on input line 286.
(pdftex.def)             Requested size: 211.38832pt x 154.11041pt.
<figs/tb_runD_loss.png, id=211, 1144.275pt x 462.72874pt>
File: figs/tb_runD_loss.png Graphic file (type png)
<use figs/tb_runD_loss.png>
Package pdftex.def Info: figs/tb_runD_loss.png  used on input line 299.
(pdftex.def)             Requested size: 211.38832pt x 85.47638pt.
<figs/tb_runD_z_conv1_hist.png, id=212, 718.685pt x 523.9575pt>
File: figs/tb_runD_z_conv1_hist.png Graphic file (type png)
<use figs/tb_runD_z_conv1_hist.png>
Package pdftex.def Info: figs/tb_runD_z_conv1_hist.png  used on input line 300.
(pdftex.def)             Requested size: 211.38832pt x 154.11041pt.


[10
pdfTeX warning (ext4): destination with the same identifier (name{figure.10}) has been already used, duplicate ignored
<argument> ...shipout:D \box_use:N \l_shipout_box 
                                                  \__shipout_drop_firstpage_...
l.306 \newpage
              
pdfTeX warning (ext4): destination with the same identifier (name{figure.11}) has been already used, duplicate ignored
<argument> ...shipout:D \box_use:N \l_shipout_box 
                                                  \__shipout_drop_firstpage_...
l.306 \newpage
               <./figs/tb_runC_loss.png> <./figs/tb_runC_a_pool1_hist.png> <./figs/tb_runD_loss.png> <./figs/tb_runD_z_conv1_hist.png>]
<figs/tb_runE_loss.png, id=225, 1144.275pt x 462.72874pt>
File: figs/tb_runE_loss.png Graphic file (type png)
<use figs/tb_runE_loss.png>
Package pdftex.def Info: figs/tb_runE_loss.png  used on input line 314.
(pdftex.def)             Requested size: 211.38832pt x 85.47638pt.
<figs/tb_runE_a_relu2_hist.png, id=226, 718.685pt x 523.9575pt>
File: figs/tb_runE_a_relu2_hist.png Graphic file (type png)
<use figs/tb_runE_a_relu2_hist.png>
Package pdftex.def Info: figs/tb_runE_a_relu2_hist.png  used on input line 315.
(pdftex.def)             Requested size: 211.38832pt x 154.11041pt.


[11
pdfTeX warning (ext4): destination with the same identifier (name{figure.12}) has been already used, duplicate ignored
<argument> ...shipout:D \box_use:N \l_shipout_box 
                                                  \__shipout_drop_firstpage_...
l.350 \newpage
              
pdfTeX warning (ext4): destination with the same identifier (name{table.2}) has been already used, duplicate ignored
<argument> ...shipout:D \box_use:N \l_shipout_box 
                                                  \__shipout_drop_firstpage_...
l.350 \newpage
               <./figs/tb_runE_loss.png> <./figs/tb_runE_a_relu2_hist.png>]
Overfull \hbox (14.77737pt too wide) in paragraph at lines 369--369
 []\OT1/cmtt/m/n/10.95 python code/assignment_1_pytorch_mnist_skeleton-1.py --epochs 8 --optimizer adam \[] 
 []



[12] (./report.aux)
 ***********
LaTeX2e <2024-11-01> patch level 2
L3 programming layer <2025-01-18>
 ***********
Package rerunfilecheck Info: File `report.out' has not changed.
(rerunfilecheck)             Checksum: 09BFBE1C4CF730957C2E9F454FC4AC21;2673.
 ) 
Here is how much of TeX's memory you used:
 11642 strings out of 473190
 183835 string characters out of 5715801
 600267 words of memory out of 5000000
 34682 multiletter control sequences out of 15000+600000
 574935 words of font info for 95 fonts, out of 8000000 for 9000
 1141 hyphenation exceptions out of 8191
 75i,15n,79p,718b,562s stack positions out of 10000i,1000n,20000p,200000b,200000s
</usr/local/texlive/2025/texmf-dist/fonts/type1/public/amsfonts/cm/cmbx10.pfb></usr/local/texlive/2025/texmf-dist/fonts/type1/public/amsfonts/cm/cmbx12.pfb></usr/local/texlive/2025/texmf-dist/fonts/type1/public/amsfonts/cm/cmex10.pfb></usr/local/texlive/2025/texmf-dist/fonts/type1/public/amsfonts/cm/cmmi10.pfb></usr/local/texlive/2025/texmf-dist/fonts/type1/public/amsfonts/cm/cmmi8.pfb></usr/local/texlive/2025/texmf-dist/fonts/type1/public/amsfonts/cm/cmr10.pfb></usr/local/texlive/2025/texmf-dist/fonts/type1/public/amsfonts/cm/cmr12.pfb></usr/local/texlive/2025/texmf-dist/fonts/type1/public/amsfonts/cm/cmr17.pfb></usr/local/texlive/2025/texmf-dist/fonts/type1/public/amsfonts/cm/cmr6.pfb></usr/local/texlive/2025/texmf-dist/fonts/type1/public/amsfonts/cm/cmr8.pfb></usr/local/texlive/2025/texmf-dist/fonts/type1/public/amsfonts/cm/cmsy10.pfb></usr/local/texlive/2025/texmf-dist/fonts/type1/public/amsfonts/cm/cmsy8.pfb></usr/local/texlive/2025/texmf-dist/fonts/type1/public/amsfonts/cm/cmti10.pfb></usr/local/texlive/2025/texmf-dist/fonts/type1/public/amsfonts/cm/cmtt10.pfb></usr/local/texlive/2025/texmf-dist/fonts/type1/public/amsfonts/symbols/msbm10.pfb></usr/local/texlive/2025/texmf-dist/fonts/type1/public/cm-super/sfrm1095.pfb>
Output written on report.pdf (12 pages, 4894832 bytes).
PDF statistics:
 331 PDF objects out of 1000 (max. 8388607)
 187 compressed objects within 2 object streams
 59 named destinations out of 1000 (max. 500000)
 329 words of extra memory for PDF output out of 10000 (max. 10000000)

